05-30-2017 19:59:01 INFO [django.server: 124] -- "GET /launches/1091/ HTTP/1.1" 200 12745
05-30-2017 20:02:47 DEBUG [bot.utils.util: 10] -- I'm ready!
05-30-2017 20:02:47 DEBUG [bot.utils.util: 10] -- I'm ready!
05-30-2017 20:02:47 DEBUG [bot.utils.util: 10] -- Running Daily Digest - Daily...
05-30-2017 20:02:47 DEBUG [bot.utils.util: 10] -- Running Daily Digest - Daily...
05-30-2017 20:02:48 DEBUG [bot.utils.util: 10] -- Daily already ran, skipping.
05-30-2017 20:02:48 DEBUG [bot.utils.util: 10] -- Daily already ran, skipping.
05-30-2017 20:03:07 DEBUG [bot.utils.util: 10] -- I'm ready!
05-30-2017 20:03:07 DEBUG [bot.utils.util: 10] -- I'm ready!
05-30-2017 20:03:07 DEBUG [bot.utils.util: 10] -- Running Daily Digest - Daily...
05-30-2017 20:03:07 DEBUG [bot.utils.util: 10] -- Running Daily Digest - Daily...
05-30-2017 20:03:07 DEBUG [bot.utils.util: 10] -- Daily already ran, skipping.
05-30-2017 20:03:07 DEBUG [bot.utils.util: 10] -- Daily already ran, skipping.
05-30-2017 20:03:34 DEBUG [bot.utils.util: 10] -- I'm ready!
05-30-2017 20:03:34 DEBUG [bot.utils.util: 10] -- Running Daily Digest - Daily...
05-30-2017 20:03:35 DEBUG [bot.utils.util: 10] -- Daily already ran, skipping.
05-30-2017 20:08:00 DEBUG [bot.utils.util: 10] -- I'm ready!
05-30-2017 20:08:00 DEBUG [bot.utils.util: 10] -- Running Daily Digest - Daily...
05-30-2017 20:08:01 INFO [bot.utils.util: 71] -- Daily already ran, skipping.
05-30-2017 20:08:21 DEBUG [bot.utils.util: 10] -- I'm ready!
05-30-2017 20:08:21 DEBUG [bot.utils.util: 10] -- Running Daily Digest - Daily...
05-30-2017 20:08:21 INFO [bot.app.DailyDigest: 71] -- Daily already ran, skipping.
05-30-2017 20:09:48 INFO [bot.app.DailyDigest: 71] -- Daily already ran, skipping.
05-30-2017 20:09:56 INFO [bot.app.DailyDigest: 71] -- Daily already ran, skipping.
05-30-2017 20:10:19 INFO [bot.app.DailyDigest: 71] -- Daily already ran, skipping.
05-30-2017 20:11:37 INFO [bot.app.DailyDigest: 71] -- Daily already ran, skipping.
05-30-2017 20:11:43 INFO [bot.app.DailyDigest: 71] -- Daily already ran, skipping.
05-30-2017 20:11:46 INFO [bot.app.DailyDigest: 71] -- Daily already ran, skipping.
05-30-2017 20:14:56 INFO [bot.app.DailyDigest: 71] -- Daily already ran, skipping.
05-30-2017 20:15:21 INFO [bot: 30] -- Running Daily Digest - Daily...
05-30-2017 20:15:22 INFO [bot: 30] -- Running Daily Digest - Daily...
05-30-2017 20:15:22 INFO [bot: 71] -- Daily already ran, skipping.
05-30-2017 20:15:30 INFO [bot: 30] -- Running Daily Digest - Daily...
05-30-2017 20:15:30 INFO [bot: 71] -- Daily already ran, skipping.
05-30-2017 20:16:43 INFO [bot: tasks 30] - Running Daily Digest - Daily...
05-30-2017 20:16:44 INFO [bot: DailyDigest 71] - Daily already ran, skipping.
05-30-2017 20:17:55 INFO [bot: tasks 30] - Running Daily Digest - Daily...
05-30-2017 20:17:56 INFO [bot: DailyDigest 71] - Daily already ran, skipping.
05-30-2017 20:18:00 INFO [bot: tasks 18] - On tick...
05-30-2017 20:19:00 INFO [bot: tasks 18] - On tick...
05-30-2017 20:20:00 INFO [bot: tasks 18] - On tick...
05-30-2017 20:20:13 INFO [bot: tasks 35] - Running Daily Digest - Daily...
05-30-2017 20:20:13 INFO [bot: DailyDigest 71] - Daily already ran, skipping.
05-30-2017 20:21:00 INFO [bot: tasks 18] - On tick...
05-30-2017 20:21:23 INFO [bot: tasks 35] - Running Daily Digest - Daily...
05-30-2017 20:21:24 INFO [bot: DailyDigest 71] - Daily already ran, skipping.
05-30-2017 20:22:00 INFO [bot: tasks 18] - On tick...
05-30-2017 20:23:00 INFO [bot: tasks 18] - On tick...
05-30-2017 20:24:00 INFO [bot: tasks 18] - On tick...
05-30-2017 20:25:00 INFO [bot: tasks 18] - On tick...
05-30-2017 20:26:00 INFO [bot: tasks 18] - On tick...
05-30-2017 20:27:00 INFO [bot: tasks 18] - On tick...
05-30-2017 20:27:06 INFO [bot: tasks 38] - Running Daily Digest - Daily...
05-30-2017 20:27:07 INFO [bot: DailyDigest 71] - Daily already ran, skipping.
05-30-2017 20:28:00 INFO [bot: tasks 19] - On tick...
05-30-2017 20:29:00 INFO [bot: tasks 19] - On tick...
05-30-2017 20:30:00 INFO [bot: tasks 19] - On tick...
05-30-2017 20:31:00 INFO [bot: tasks 28] - On ANOTHER tick...
05-30-2017 20:31:00 INFO [bot: tasks 19] - On tick...
05-30-2017 20:32:00 INFO [bot: tasks 28] - On ANOTHER tick...
05-30-2017 20:32:00 INFO [bot: tasks 19] - On tick...
05-30-2017 20:33:00 INFO [bot: tasks 28] - On ANOTHER tick...
05-30-2017 20:33:00 INFO [bot: tasks 19] - On tick...
05-30-2017 20:34:00 INFO [bot: tasks 19] - On tick...
05-30-2017 20:34:00 INFO [bot: tasks 28] - On ANOTHER tick...
